<?xml version="1.0" encoding="UTF-8"?>
<!-- Generated by org.testng.reporters.JUnitXMLReporter -->
<testsuite hostname="DESKTOP-SU4D5DJ" ignored="0" name="Default test" tests="5" failures="0" timestamp="19 Jul 2019 04:00:02 GMT" time="64.469" errors="0">
  <testcase name="inputLimitAmountTest" time="3.53" classname="com.VirtualFacility.qa.testcases.PairTradingViewPageTest"/>
  <testcase name="stopLimitBtnTest" time="2.155" classname="com.VirtualFacility.qa.testcases.PairTradingViewPageTest"/>
  <testcase name="verifyLimitBtnTest" time="2.237" classname="com.VirtualFacility.qa.testcases.PairTradingViewPageTest"/>
  <testcase name="verifyMarketBtnTest" time="2.506" classname="com.VirtualFacility.qa.testcases.PairTradingViewPageTest"/>
  <testcase name="verifyTradingChartTest" time="3.17" classname="com.VirtualFacility.qa.testcases.PairTradingViewPageTest"/>
</testsuite> <!-- Default test -->
